<?xml version="1.0" encoding="UTF-8"?>
<!-- Generated by org.testng.reporters.JUnitXMLReporter -->
<testsuite ignored="0" hostname="WIN-IAU3NU9P049" failures="0" tests="2" name="Enpoint Test" time="87.331" errors="0" timestamp="2022-01-23T13:41:13 IST">
  <testcase classname="tests.Admin_Manage_EndpointTest" name="testUserAbleToNaviagateEnpointPage" time="12.422"/>
  <testcase classname="tests.Admin_Manage_EndpointTest" name="testAllButtonFilterExportRefreshArePresentonTopLeftCornerOfEndpointPage" time="12.472"/>
</testsuite> <!-- Enpoint Test -->
