<?xml version="1.0" encoding="UTF-8"?>
<!-- Generated by org.testng.reporters.JUnitXMLReporter -->
<testsuite ignored="9" hostname="WIN-IAU3NU9P049" failures="0" tests="1" name="User Test" time="73.135" errors="0" timestamp="2022-01-23T21:49:26 IST">
  <testcase classname="tests.Admin_UserTest" name="testApplicationAllowToFilterUserByEmailDropdownCondition" time="34.656"/>
  <testcase classname="tests.Admin_UserTest" name="testApplicationAllowsToCreateAUserWithManageUserRole" time="0.0">
    <ignored/>
  </testcase> <!-- testApplicationAllowsToCreateAUserWithManageUserRole -->
  <testcase classname="tests.Admin_UserTest" name="testUserIsAbleDisabledUserAndCrossSignDisplayedWithUser" time="0.0">
    <ignored/>
  </testcase> <!-- testUserIsAbleDisabledUserAndCrossSignDisplayedWithUser -->
  <testcase classname="tests.Admin_UserTest" name="testApplicationAllowsToSetPassword" time="0.0">
    <ignored/>
  </testcase> <!-- testApplicationAllowsToSetPassword -->
  <testcase classname="tests.Admin_UserTest" name="testUserisAbleToFilterByNameFieldWithContainsConditions" time="0.0">
    <ignored/>
  </testcase> <!-- testUserisAbleToFilterByNameFieldWithContainsConditions -->
  <testcase classname="tests.Admin_UserTest" name="testUserIsNotAbleToLoginIntoApplicationWhenDisabledUserProfile" time="0.0">
    <ignored/>
  </testcase> <!-- testUserIsNotAbleToLoginIntoApplicationWhenDisabledUserProfile -->
  <testcase classname="tests.Admin_UserTest" name="testApplicationAllowsToCreateNewUserWithAdministrationRole" time="0.0">
    <ignored/>
  </testcase> <!-- testApplicationAllowsToCreateNewUserWithAdministrationRole -->
  <testcase classname="tests.Admin_UserTest" name="testApplicationAllowToFilterUserByRoleCondition" time="0.0">
    <ignored/>
  </testcase> <!-- testApplicationAllowToFilterUserByRoleCondition -->
  <testcase classname="tests.Admin_UserTest" name="testUserIsNotAbleToLoginIntoApplicationWhenUserProfileIsDeleted" time="0.0">
    <ignored/>
  </testcase> <!-- testUserIsNotAbleToLoginIntoApplicationWhenUserProfileIsDeleted -->
  <testcase classname="tests.Admin_UserTest" name="testPasswordComplexityRequirementsNotMet" time="0.0">
    <ignored/>
  </testcase> <!-- testPasswordComplexityRequirementsNotMet -->
</testsuite> <!-- User Test -->
