<?xml version="1.0" encoding="UTF-8"?>
<!-- Generated by org.testng.reporters.JUnitXMLReporter -->
<testsuite hostname="DESKTOP-B96ST24" ignored="10" tests="0" failures="0" timestamp="14 Apr 2022 09:34:08 GMT" time="0.001" errors="0">
  <testcase name="testUserisAbleToFilterByNameFieldWithContainsConditions" time="0.0" classname="tests.Admin_UserTest">
    <ignored/>
  </testcase> <!-- testUserisAbleToFilterByNameFieldWithContainsConditions -->
  <testcase name="testUserIsAbleDisabledUserAndCrossSignDisplayedWithUser" time="0.0" classname="tests.Admin_UserTest">
    <ignored/>
  </testcase> <!-- testUserIsAbleDisabledUserAndCrossSignDisplayedWithUser -->
  <testcase name="testApplicationAllowToFilterUserByRoleCondition" time="0.0" classname="tests.Admin_UserTest">
    <ignored/>
  </testcase> <!-- testApplicationAllowToFilterUserByRoleCondition -->
  <testcase name="testApplicationAllowsToCreateAUserWithManageUserRole" time="0.0" classname="tests.Admin_UserTest">
    <ignored/>
  </testcase> <!-- testApplicationAllowsToCreateAUserWithManageUserRole -->
  <testcase name="testUserIsNotAbleToLoginIntoApplicationWhenDisabledUserProfile" time="0.0" classname="tests.Admin_UserTest">
    <ignored/>
  </testcase> <!-- testUserIsNotAbleToLoginIntoApplicationWhenDisabledUserProfile -->
  <testcase name="testApplicationAllowsToSetPassword" time="0.0" classname="tests.Admin_UserTest">
    <ignored/>
  </testcase> <!-- testApplicationAllowsToSetPassword -->
  <testcase name="testPasswordComplexityRequirementsNotMet" time="0.0" classname="tests.Admin_UserTest">
    <ignored/>
  </testcase> <!-- testPasswordComplexityRequirementsNotMet -->
  <testcase name="testApplicationAllowsToCreateNewUserWithAdministrationRole" time="0.0" classname="tests.Admin_UserTest">
    <ignored/>
  </testcase> <!-- testApplicationAllowsToCreateNewUserWithAdministrationRole -->
  <testcase name="testUserIsNotAbleToLoginIntoApplicationWhenUserProfileIsDeleted" time="0.0" classname="tests.Admin_UserTest">
    <ignored/>
  </testcase> <!-- testUserIsNotAbleToLoginIntoApplicationWhenUserProfileIsDeleted -->
  <testcase name="testApplicationAllowToFilterUserByEmailDropdownCondition" time="0.0" classname="tests.Admin_UserTest">
    <ignored/>
  </testcase> <!-- testApplicationAllowToFilterUserByEmailDropdownCondition -->
</testsuite>
