<?xml version="1.0" encoding="UTF-8"?>
<testsuite xmlns:xsi="http://www.w3.org/2001/XMLSchema-instance" xsi:schemaLocation="https://maven.apache.org/surefire/maven-surefire-plugin/xsd/surefire-test-report.xsd" name="TestSuite" time="467.308" tests="5" errors="0" skipped="0" failures="4">
  <properties>
[...]
</properties>
  <testcase name="testActivityLessthanXhoursCriticalAlertCreated" classname="tests.AdminAlertTest" time="61.672">
    <failure message="no such element: Unable to locate element: {&quot;method&quot;:&quot;xpath&quot;,&quot;selector&quot;:&quot;//td[text()=&apos;ActivityLessthanXhoursCriticalAlertCreated2579&apos;]/following-sibling::td/button[text()=&apos;Delete&apos;]&quot;}&#10;  (Session info: chrome=100.0.4896.75)&#10;For documentation on this error, please visit: https://www.seleniumhq.org/exceptions/no_such_element.html&#10;Build info: version: &apos;3.141.59&apos;, revision: &apos;e82be7d358&apos;, time: &apos;2018-11-14T08:17:03&apos;&#10;System info: host: &apos;DESKTOP-B96ST24&apos;, ip: &apos;192.168.0.106&apos;, os.name: &apos;Windows 10&apos;, os.arch: &apos;amd64&apos;, os.version: &apos;10.0&apos;, java.version: &apos;1.8.0_202&apos;&#10;Driver info: org.openqa.selenium.chrome.ChromeDriver&#10;Capabilities {acceptInsecureCerts: false, browserName: chrome, browserVersion: 100.0.4896.75, chrome: {chromedriverVersion: 100.0.4896.60 (6a5d10861ce8..., userDataDir: C:\Users\Dell\AppData\Local...}, goog:chromeOptions: {debuggerAddress: localhost:60945}, javascriptEnabled: true, networkConnectionEnabled: false, pageLoadStrategy: normal, platform: WINDOWS, platformName: WINDOWS, proxy: Proxy(), setWindowRect: true, strictFileInteractability: false, timeouts: {implicit: 0, pageLoad: 300000, script: 30000}, unhandledPromptBehavior: dismiss and notify, webauthn:extension:credBlob: true, webauthn:extension:largeBlob: true, webauthn:virtualAuthenticators: true}&#10;Session ID: 25a1bcc7497f21f97c06c135fbfd27bb&#10;*** Element info: {Using=xpath, value=//td[text()=&apos;ActivityLessthanXhoursCriticalAlertCreated2579&apos;]/following-sibling::td/button[text()=&apos;Delete&apos;]}" type="org.openqa.selenium.NoSuchElementException">org.openqa.selenium.NoSuchElementException: 
no such element: Unable to locate element: {"method":"xpath","selector":"//td[text()='ActivityLessthanXhoursCriticalAlertCreated2579']/following-sibling::td/button[text()='Delete']"}
  (Session info: chrome=100.0.4896.75)
For documentation on this error, please visit: https://www.seleniumhq.org/exceptions/no_such_element.html
Build info: version: '3.141.59', revision: 'e82be7d358', time: '2018-11-14T08:17:03'
System info: host: 'DESKTOP-B96ST24', ip: '192.168.0.106', os.name: 'Windows 10', os.arch: 'amd64', os.version: '10.0', java.version: '1.8.0_202'
Driver info: org.openqa.selenium.chrome.ChromeDriver
Capabilities {acceptInsecureCerts: false, browserName: chrome, browserVersion: 100.0.4896.75, chrome: {chromedriverVersion: 100.0.4896.60 (6a5d10861ce8..., userDataDir: C:\Users\Dell\AppData\Local...}, goog:chromeOptions: {debuggerAddress: localhost:60945}, javascriptEnabled: true, networkConnectionEnabled: false, pageLoadStrategy: normal, platform: WINDOWS, platformName: WINDOWS, proxy: Proxy(), setWindowRect: true, strictFileInteractability: false, timeouts: {implicit: 0, pageLoad: 300000, script: 30000}, unhandledPromptBehavior: dismiss and notify, webauthn:extension:credBlob: true, webauthn:extension:largeBlob: true, webauthn:virtualAuthenticators: true}
Session ID: 25a1bcc7497f21f97c06c135fbfd27bb
*** Element info: {Using=xpath, value=//td[text()='ActivityLessthanXhoursCriticalAlertCreated2579']/following-sibling::td/button[text()='Delete']}
	at tests.AdminAlertTest.testActivityLessthanXhoursCriticalAlertCreated(AdminAlertTest.java:172)
</failure>
    <system-out><![CDATA[[TestNGContentHandler] [WARN] It is strongly recommended to add "<!DOCTYPE suite SYSTEM "http://testng.org/testng-1.0.dtd" >" at the top of your file, otherwise TestNG may fail or not work as expected.
*** Test Suite Smoke Test started ***
[Log] Apr 14,2022 14:56:50 [info]  Entered username as lakshmipathi.kantipalli57@gmail.com
[Log] Apr 14,2022 14:56:53 [info]  Entered password as Laxmipathi@1997
[Log] Apr 14,2022 14:56:57 [info]  Clicked on login button
*** Running test method testActivityLessthanXhoursCriticalAlertCreated...
[Log] Apr 14,2022 14:57:24 [info]  Clicked on create alert button
[Log] Apr 14,2022 14:57:31 [info]  Alert name entered.
[Log] Apr 14,2022 14:57:39 [info]  Email entered.
[Log] Apr 14,2022 14:57:42 [info]  Clicked on save button
[Log] Apr 14,2022 14:57:48 [info]  Apr 14,2022 14:57:48 [info]  <<<<<<<<<<<<<<<<<<<<<<<<<<<<<<<<<< Error message >>>>>>>>>>>>>>>>>>>>>>>>>>>>>>
org.openqa.selenium.NoSuchElementException: no such element: Unable to locate element: {"method":"xpath","selector":"//td[text()='ActivityLessthanXhoursCriticalAlertCreated2579']/following-sibling::td/button[text()='Delete']"}
  (Session info: chrome=100.0.4896.75)
For documentation on this error, please visit: https://www.seleniumhq.org/exceptions/no_such_element.html
Build info: version: '3.141.59', revision: 'e82be7d358', time: '2018-11-14T08:17:03'
System info: host: 'DESKTOP-B96ST24', ip: '192.168.0.106', os.name: 'Windows 10', os.arch: 'amd64', os.version: '10.0', java.version: '1.8.0_202'
Driver info: org.openqa.selenium.chrome.ChromeDriver
Capabilities {acceptInsecureCerts: false, browserName: chrome, browserVersion: 100.0.4896.75, chrome: {chromedriverVersion: 100.0.4896.60 (6a5d10861ce8..., userDataDir: C:\Users\Dell\AppData\Local...}, goog:chromeOptions: {debuggerAddress: localhost:60945}, javascriptEnabled: true, networkConnectionEnabled: false, pageLoadStrategy: normal, platform: WINDOWS, platformName: WINDOWS, proxy: Proxy(), setWindowRect: true, strictFileInteractability: false, timeouts: {implicit: 0, pageLoad: 300000, script: 30000}, unhandledPromptBehavior: dismiss and notify, webauthn:extension:credBlob: true, webauthn:extension:largeBlob: true, webauthn:virtualAuthenticators: true}
Session ID: 25a1bcc7497f21f97c06c135fbfd27bb
*** Element info: {Using=xpath, value=//td[text()='ActivityLessthanXhoursCriticalAlertCreated2579']/following-sibling::td/button[text()='Delete']}
[Log] Apr 14,2022 14:58:09 [info]  Apr 14,2022 14:58:09 [info]  <<<<<<<<<<<<<<<<<<<<<<<<<<<<<<<<<< Error message >>>>>>>>>>>>>>>>>>>>>>>>>>>>>>
Failed.............................
@utility.QAAnnotations$TestCaseInfo(description=, bug=, isAutomationBug=false, testCaseID=86, title=Verify alert is created successfully and displayed on the alert page when severity as 'Critical')
86
*** Test execution testActivityLessthanXhoursCriticalAlertCreated failed...
]]></system-out>
    <system-err><![CDATA[Starting ChromeDriver 100.0.4896.60 (6a5d10861ce8de5fce22564658033b43cb7de047-refs/branch-heads/4896@{#875}) on port 27808
Only local connections are allowed.
Please see https://chromedriver.chromium.org/security-considerations for suggestions on keeping ChromeDriver safe.
ChromeDriver was started successfully.
Apr 14, 2022 2:56:40 PM org.openqa.selenium.remote.ProtocolHandshake createSession
INFO: Detected dialect: W3C
]]></system-err>
  </testcase>
  <testcase name="testActivityLessthanXhoursInfoAlertCreated" classname="tests.AdminAlertTest" time="53.203">
    <failure message="no such element: Unable to locate element: {&quot;method&quot;:&quot;xpath&quot;,&quot;selector&quot;:&quot;//td[text()=&apos;ActivityLessthanXhoursInfoAlertCreated2579&apos;]/following-sibling::td/button[text()=&apos;Delete&apos;]&quot;}&#10;  (Session info: chrome=100.0.4896.75)&#10;For documentation on this error, please visit: https://www.seleniumhq.org/exceptions/no_such_element.html&#10;Build info: version: &apos;3.141.59&apos;, revision: &apos;e82be7d358&apos;, time: &apos;2018-11-14T08:17:03&apos;&#10;System info: host: &apos;DESKTOP-B96ST24&apos;, ip: &apos;192.168.0.106&apos;, os.name: &apos;Windows 10&apos;, os.arch: &apos;amd64&apos;, os.version: &apos;10.0&apos;, java.version: &apos;1.8.0_202&apos;&#10;Driver info: org.openqa.selenium.chrome.ChromeDriver&#10;Capabilities {acceptInsecureCerts: false, browserName: chrome, browserVersion: 100.0.4896.75, chrome: {chromedriverVersion: 100.0.4896.60 (6a5d10861ce8..., userDataDir: C:\Users\Dell\AppData\Local...}, goog:chromeOptions: {debuggerAddress: localhost:61202}, javascriptEnabled: true, networkConnectionEnabled: false, pageLoadStrategy: normal, platform: WINDOWS, platformName: WINDOWS, proxy: Proxy(), setWindowRect: true, strictFileInteractability: false, timeouts: {implicit: 0, pageLoad: 300000, script: 30000}, unhandledPromptBehavior: dismiss and notify, webauthn:extension:credBlob: true, webauthn:extension:largeBlob: true, webauthn:virtualAuthenticators: true}&#10;Session ID: 3ba135a62ea2e99c978c76d96d3f6c82&#10;*** Element info: {Using=xpath, value=//td[text()=&apos;ActivityLessthanXhoursInfoAlertCreated2579&apos;]/following-sibling::td/button[text()=&apos;Delete&apos;]}" type="org.openqa.selenium.NoSuchElementException">org.openqa.selenium.NoSuchElementException: 
no such element: Unable to locate element: {"method":"xpath","selector":"//td[text()='ActivityLessthanXhoursInfoAlertCreated2579']/following-sibling::td/button[text()='Delete']"}
  (Session info: chrome=100.0.4896.75)
For documentation on this error, please visit: https://www.seleniumhq.org/exceptions/no_such_element.html
Build info: version: '3.141.59', revision: 'e82be7d358', time: '2018-11-14T08:17:03'
System info: host: 'DESKTOP-B96ST24', ip: '192.168.0.106', os.name: 'Windows 10', os.arch: 'amd64', os.version: '10.0', java.version: '1.8.0_202'
Driver info: org.openqa.selenium.chrome.ChromeDriver
Capabilities {acceptInsecureCerts: false, browserName: chrome, browserVersion: 100.0.4896.75, chrome: {chromedriverVersion: 100.0.4896.60 (6a5d10861ce8..., userDataDir: C:\Users\Dell\AppData\Local...}, goog:chromeOptions: {debuggerAddress: localhost:61202}, javascriptEnabled: true, networkConnectionEnabled: false, pageLoadStrategy: normal, platform: WINDOWS, platformName: WINDOWS, proxy: Proxy(), setWindowRect: true, strictFileInteractability: false, timeouts: {implicit: 0, pageLoad: 300000, script: 30000}, unhandledPromptBehavior: dismiss and notify, webauthn:extension:credBlob: true, webauthn:extension:largeBlob: true, webauthn:virtualAuthenticators: true}
Session ID: 3ba135a62ea2e99c978c76d96d3f6c82
*** Element info: {Using=xpath, value=//td[text()='ActivityLessthanXhoursInfoAlertCreated2579']/following-sibling::td/button[text()='Delete']}
	at tests.AdminAlertTest.testActivityLessthanXhoursInfoAlertCreated(AdminAlertTest.java:82)
</failure>
    <system-out><![CDATA[[Log] Apr 14,2022 14:58:11 [info]  Closing driver on platform: Windows 10
[Log] Apr 14,2022 14:58:28 [info]  Entered username as lakshmipathi.kantipalli57@gmail.com
[Log] Apr 14,2022 14:58:30 [info]  Entered password as Laxmipathi@1997
[Log] Apr 14,2022 14:58:34 [info]  Clicked on login button
*** Running test method testActivityLessthanXhoursInfoAlertCreated...
[Log] Apr 14,2022 14:58:53 [info]  Clicked on create alert button
[Log] Apr 14,2022 14:59:00 [info]  Alert name entered.
[Log] Apr 14,2022 14:59:08 [info]  Email entered.
[Log] Apr 14,2022 14:59:11 [info]  Clicked on save button
[Log] Apr 14,2022 14:59:17 [info]  Apr 14,2022 14:59:17 [info]  <<<<<<<<<<<<<<<<<<<<<<<<<<<<<<<<<< Error message >>>>>>>>>>>>>>>>>>>>>>>>>>>>>>
org.openqa.selenium.NoSuchElementException: no such element: Unable to locate element: {"method":"xpath","selector":"//td[text()='ActivityLessthanXhoursInfoAlertCreated2579']/following-sibling::td/button[text()='Delete']"}
  (Session info: chrome=100.0.4896.75)
For documentation on this error, please visit: https://www.seleniumhq.org/exceptions/no_such_element.html
Build info: version: '3.141.59', revision: 'e82be7d358', time: '2018-11-14T08:17:03'
System info: host: 'DESKTOP-B96ST24', ip: '192.168.0.106', os.name: 'Windows 10', os.arch: 'amd64', os.version: '10.0', java.version: '1.8.0_202'
Driver info: org.openqa.selenium.chrome.ChromeDriver
Capabilities {acceptInsecureCerts: false, browserName: chrome, browserVersion: 100.0.4896.75, chrome: {chromedriverVersion: 100.0.4896.60 (6a5d10861ce8..., userDataDir: C:\Users\Dell\AppData\Local...}, goog:chromeOptions: {debuggerAddress: localhost:61202}, javascriptEnabled: true, networkConnectionEnabled: false, pageLoadStrategy: normal, platform: WINDOWS, platformName: WINDOWS, proxy: Proxy(), setWindowRect: true, strictFileInteractability: false, timeouts: {implicit: 0, pageLoad: 300000, script: 30000}, unhandledPromptBehavior: dismiss and notify, webauthn:extension:credBlob: true, webauthn:extension:largeBlob: true, webauthn:virtualAuthenticators: true}
Session ID: 3ba135a62ea2e99c978c76d96d3f6c82
*** Element info: {Using=xpath, value=//td[text()='ActivityLessthanXhoursInfoAlertCreated2579']/following-sibling::td/button[text()='Delete']}
[Log] Apr 14,2022 14:59:38 [info]  Apr 14,2022 14:59:38 [info]  <<<<<<<<<<<<<<<<<<<<<<<<<<<<<<<<<< Error message >>>>>>>>>>>>>>>>>>>>>>>>>>>>>>
Failed.............................
@utility.QAAnnotations$TestCaseInfo(description=, bug=, isAutomationBug=false, testCaseID=16, title=Verify alert is created successfully and displayed on the alert page when severity as 'Info')
16
*** Test execution testActivityLessthanXhoursInfoAlertCreated failed...
]]></system-out>
    <system-err><![CDATA[Starting ChromeDriver 100.0.4896.60 (6a5d10861ce8de5fce22564658033b43cb7de047-refs/branch-heads/4896@{#875}) on port 45672
Only local connections are allowed.
Please see https://chromedriver.chromium.org/security-considerations for suggestions on keeping ChromeDriver safe.
ChromeDriver was started successfully.
Apr 14, 2022 2:58:15 PM org.openqa.selenium.remote.ProtocolHandshake createSession
INFO: Detected dialect: W3C
]]></system-err>
  </testcase>
  <testcase name="testActivityLessthanXhoursWarningAlertCreated" classname="tests.AdminAlertTest" time="52.741">
    <failure message="no such element: Unable to locate element: {&quot;method&quot;:&quot;xpath&quot;,&quot;selector&quot;:&quot;//td[text()=&apos;ActivityLessthanXhoursWarningAlertCreated2579&apos;]/following-sibling::td/button[text()=&apos;Delete&apos;]&quot;}&#10;  (Session info: chrome=100.0.4896.75)&#10;For documentation on this error, please visit: https://www.seleniumhq.org/exceptions/no_such_element.html&#10;Build info: version: &apos;3.141.59&apos;, revision: &apos;e82be7d358&apos;, time: &apos;2018-11-14T08:17:03&apos;&#10;System info: host: &apos;DESKTOP-B96ST24&apos;, ip: &apos;192.168.0.106&apos;, os.name: &apos;Windows 10&apos;, os.arch: &apos;amd64&apos;, os.version: &apos;10.0&apos;, java.version: &apos;1.8.0_202&apos;&#10;Driver info: org.openqa.selenium.chrome.ChromeDriver&#10;Capabilities {acceptInsecureCerts: false, browserName: chrome, browserVersion: 100.0.4896.75, chrome: {chromedriverVersion: 100.0.4896.60 (6a5d10861ce8..., userDataDir: C:\Users\Dell\AppData\Local...}, goog:chromeOptions: {debuggerAddress: localhost:61273}, javascriptEnabled: true, networkConnectionEnabled: false, pageLoadStrategy: normal, platform: WINDOWS, platformName: WINDOWS, proxy: Proxy(), setWindowRect: true, strictFileInteractability: false, timeouts: {implicit: 0, pageLoad: 300000, script: 30000}, unhandledPromptBehavior: dismiss and notify, webauthn:extension:credBlob: true, webauthn:extension:largeBlob: true, webauthn:virtualAuthenticators: true}&#10;Session ID: b534e8c20b07038f55a5cff1fc332123&#10;*** Element info: {Using=xpath, value=//td[text()=&apos;ActivityLessthanXhoursWarningAlertCreated2579&apos;]/following-sibling::td/button[text()=&apos;Delete&apos;]}" type="org.openqa.selenium.NoSuchElementException">org.openqa.selenium.NoSuchElementException: 
no such element: Unable to locate element: {"method":"xpath","selector":"//td[text()='ActivityLessthanXhoursWarningAlertCreated2579']/following-sibling::td/button[text()='Delete']"}
  (Session info: chrome=100.0.4896.75)
For documentation on this error, please visit: https://www.seleniumhq.org/exceptions/no_such_element.html
Build info: version: '3.141.59', revision: 'e82be7d358', time: '2018-11-14T08:17:03'
System info: host: 'DESKTOP-B96ST24', ip: '192.168.0.106', os.name: 'Windows 10', os.arch: 'amd64', os.version: '10.0', java.version: '1.8.0_202'
Driver info: org.openqa.selenium.chrome.ChromeDriver
Capabilities {acceptInsecureCerts: false, browserName: chrome, browserVersion: 100.0.4896.75, chrome: {chromedriverVersion: 100.0.4896.60 (6a5d10861ce8..., userDataDir: C:\Users\Dell\AppData\Local...}, goog:chromeOptions: {debuggerAddress: localhost:61273}, javascriptEnabled: true, networkConnectionEnabled: false, pageLoadStrategy: normal, platform: WINDOWS, platformName: WINDOWS, proxy: Proxy(), setWindowRect: true, strictFileInteractability: false, timeouts: {implicit: 0, pageLoad: 300000, script: 30000}, unhandledPromptBehavior: dismiss and notify, webauthn:extension:credBlob: true, webauthn:extension:largeBlob: true, webauthn:virtualAuthenticators: true}
Session ID: b534e8c20b07038f55a5cff1fc332123
*** Element info: {Using=xpath, value=//td[text()='ActivityLessthanXhoursWarningAlertCreated2579']/following-sibling::td/button[text()='Delete']}
	at tests.AdminAlertTest.testActivityLessthanXhoursWarningAlertCreated(AdminAlertTest.java:127)
</failure>
    <system-out><![CDATA[[Log] Apr 14,2022 14:59:39 [info]  Closing driver on platform: Windows 10
[Log] Apr 14,2022 14:59:56 [info]  Entered username as lakshmipathi.kantipalli57@gmail.com
[Log] Apr 14,2022 14:59:58 [info]  Entered password as Laxmipathi@1997
[Log] Apr 14,2022 15:00:02 [info]  Clicked on login button
*** Running test method testActivityLessthanXhoursWarningAlertCreated...
[Log] Apr 14,2022 15:00:21 [info]  Clicked on create alert button
[Log] Apr 14,2022 15:00:28 [info]  Alert name entered.
[Log] Apr 14,2022 15:00:36 [info]  Email entered.
[Log] Apr 14,2022 15:00:39 [info]  Clicked on save button
[Log] Apr 14,2022 15:00:44 [info]  Apr 14,2022 15:00:44 [info]  <<<<<<<<<<<<<<<<<<<<<<<<<<<<<<<<<< Error message >>>>>>>>>>>>>>>>>>>>>>>>>>>>>>
org.openqa.selenium.NoSuchElementException: no such element: Unable to locate element: {"method":"xpath","selector":"//td[text()='ActivityLessthanXhoursWarningAlertCreated2579']/following-sibling::td/button[text()='Delete']"}
  (Session info: chrome=100.0.4896.75)
For documentation on this error, please visit: https://www.seleniumhq.org/exceptions/no_such_element.html
Build info: version: '3.141.59', revision: 'e82be7d358', time: '2018-11-14T08:17:03'
System info: host: 'DESKTOP-B96ST24', ip: '192.168.0.106', os.name: 'Windows 10', os.arch: 'amd64', os.version: '10.0', java.version: '1.8.0_202'
Driver info: org.openqa.selenium.chrome.ChromeDriver
Capabilities {acceptInsecureCerts: false, browserName: chrome, browserVersion: 100.0.4896.75, chrome: {chromedriverVersion: 100.0.4896.60 (6a5d10861ce8..., userDataDir: C:\Users\Dell\AppData\Local...}, goog:chromeOptions: {debuggerAddress: localhost:61273}, javascriptEnabled: true, networkConnectionEnabled: false, pageLoadStrategy: normal, platform: WINDOWS, platformName: WINDOWS, proxy: Proxy(), setWindowRect: true, strictFileInteractability: false, timeouts: {implicit: 0, pageLoad: 300000, script: 30000}, unhandledPromptBehavior: dismiss and notify, webauthn:extension:credBlob: true, webauthn:extension:largeBlob: true, webauthn:virtualAuthenticators: true}
Session ID: b534e8c20b07038f55a5cff1fc332123
*** Element info: {Using=xpath, value=//td[text()='ActivityLessthanXhoursWarningAlertCreated2579']/following-sibling::td/button[text()='Delete']}
[Log] Apr 14,2022 15:01:06 [info]  Apr 14,2022 15:01:06 [info]  <<<<<<<<<<<<<<<<<<<<<<<<<<<<<<<<<< Error message >>>>>>>>>>>>>>>>>>>>>>>>>>>>>>
Failed.............................
@utility.QAAnnotations$TestCaseInfo(description=, bug=, isAutomationBug=false, testCaseID=85, title=Verify alert is created successfully and displayed on the alert page when severity as 'Warning')
85
*** Test execution testActivityLessthanXhoursWarningAlertCreated failed...
]]></system-out>
    <system-err><![CDATA[Starting ChromeDriver 100.0.4896.60 (6a5d10861ce8de5fce22564658033b43cb7de047-refs/branch-heads/4896@{#875}) on port 12291
Only local connections are allowed.
Please see https://chromedriver.chromium.org/security-considerations for suggestions on keeping ChromeDriver safe.
ChromeDriver was started successfully.
Apr 14, 2022 2:59:43 PM org.openqa.selenium.remote.ProtocolHandshake createSession
INFO: Detected dialect: W3C
]]></system-err>
  </testcase>
  <testcase name="testUserIsAbleToFilterAlertWithNameContains" classname="tests.AdminAlertTest" time="48.609"/>
  <testcase name="testApplicationLogIsCreatedForAlertCreated" classname="tests.ApplicationLogTest" time="70.759">
    <failure message="no such element: Unable to locate element: {&quot;method&quot;:&quot;xpath&quot;,&quot;selector&quot;:&quot;//td[text()=&apos;ActivityLessthanXhoursInfoAlertCreated69138&apos;]/following-sibling::td/button[text()=&apos;Delete&apos;]&quot;}&#10;  (Session info: chrome=100.0.4896.75)&#10;For documentation on this error, please visit: https://www.seleniumhq.org/exceptions/no_such_element.html&#10;Build info: version: &apos;3.141.59&apos;, revision: &apos;e82be7d358&apos;, time: &apos;2018-11-14T08:17:03&apos;&#10;System info: host: &apos;DESKTOP-B96ST24&apos;, ip: &apos;192.168.0.106&apos;, os.name: &apos;Windows 10&apos;, os.arch: &apos;amd64&apos;, os.version: &apos;10.0&apos;, java.version: &apos;1.8.0_202&apos;&#10;Driver info: org.openqa.selenium.chrome.ChromeDriver&#10;Capabilities {acceptInsecureCerts: false, browserName: chrome, browserVersion: 100.0.4896.75, chrome: {chromedriverVersion: 100.0.4896.60 (6a5d10861ce8..., userDataDir: C:\Users\Dell\AppData\Local...}, goog:chromeOptions: {debuggerAddress: localhost:61527}, javascriptEnabled: true, networkConnectionEnabled: false, pageLoadStrategy: normal, platform: WINDOWS, platformName: WINDOWS, proxy: Proxy(), setWindowRect: true, strictFileInteractability: false, timeouts: {implicit: 0, pageLoad: 300000, script: 30000}, unhandledPromptBehavior: dismiss and notify, webauthn:extension:credBlob: true, webauthn:extension:largeBlob: true, webauthn:virtualAuthenticators: true}&#10;Session ID: abda87bf036e827d4f5b08a1d97cca73&#10;*** Element info: {Using=xpath, value=//td[text()=&apos;ActivityLessthanXhoursInfoAlertCreated69138&apos;]/following-sibling::td/button[text()=&apos;Delete&apos;]}" type="org.openqa.selenium.NoSuchElementException">org.openqa.selenium.NoSuchElementException: 
no such element: Unable to locate element: {"method":"xpath","selector":"//td[text()='ActivityLessthanXhoursInfoAlertCreated69138']/following-sibling::td/button[text()='Delete']"}
  (Session info: chrome=100.0.4896.75)
For documentation on this error, please visit: https://www.seleniumhq.org/exceptions/no_such_element.html
Build info: version: '3.141.59', revision: 'e82be7d358', time: '2018-11-14T08:17:03'
System info: host: 'DESKTOP-B96ST24', ip: '192.168.0.106', os.name: 'Windows 10', os.arch: 'amd64', os.version: '10.0', java.version: '1.8.0_202'
Driver info: org.openqa.selenium.chrome.ChromeDriver
Capabilities {acceptInsecureCerts: false, browserName: chrome, browserVersion: 100.0.4896.75, chrome: {chromedriverVersion: 100.0.4896.60 (6a5d10861ce8..., userDataDir: C:\Users\Dell\AppData\Local...}, goog:chromeOptions: {debuggerAddress: localhost:61527}, javascriptEnabled: true, networkConnectionEnabled: false, pageLoadStrategy: normal, platform: WINDOWS, platformName: WINDOWS, proxy: Proxy(), setWindowRect: true, strictFileInteractability: false, timeouts: {implicit: 0, pageLoad: 300000, script: 30000}, unhandledPromptBehavior: dismiss and notify, webauthn:extension:credBlob: true, webauthn:extension:largeBlob: true, webauthn:virtualAuthenticators: true}
Session ID: abda87bf036e827d4f5b08a1d97cca73
*** Element info: {Using=xpath, value=//td[text()='ActivityLessthanXhoursInfoAlertCreated69138']/following-sibling::td/button[text()='Delete']}
	at tests.ApplicationLogTest.testApplicationLogIsCreatedForAlertCreated(ApplicationLogTest.java:91)
</failure>
    <system-out><![CDATA[[Log] Apr 14,2022 15:02:31 [info]  Closing driver on platform: Windows 10
[Log] Apr 14,2022 15:02:47 [info]  Entered username as lakshmipathi.kantipalli57@gmail.com
[Log] Apr 14,2022 15:02:49 [info]  Entered password as Laxmipathi@1997
[Log] Apr 14,2022 15:02:53 [info]  Clicked on login button
*** Running test method testApplicationLogIsCreatedForAlertCreated...
[Log] Apr 14,2022 15:03:12 [info]  Clicked on create alert button
[Log] Apr 14,2022 15:03:19 [info]  Alert name entered.
[Log] Apr 14,2022 15:03:27 [info]  Email entered.
[Log] Apr 14,2022 15:03:30 [info]  Clicked on save button
[Log] Apr 14,2022 15:03:36 [info]  Apr 14,2022 15:03:36 [info]  <<<<<<<<<<<<<<<<<<<<<<<<<<<<<<<<<< Error message >>>>>>>>>>>>>>>>>>>>>>>>>>>>>>
org.openqa.selenium.NoSuchElementException: no such element: Unable to locate element: {"method":"xpath","selector":"//td[text()='ActivityLessthanXhoursInfoAlertCreated69138']/following-sibling::td/button[text()='Delete']"}
  (Session info: chrome=100.0.4896.75)
For documentation on this error, please visit: https://www.seleniumhq.org/exceptions/no_such_element.html
Build info: version: '3.141.59', revision: 'e82be7d358', time: '2018-11-14T08:17:03'
System info: host: 'DESKTOP-B96ST24', ip: '192.168.0.106', os.name: 'Windows 10', os.arch: 'amd64', os.version: '10.0', java.version: '1.8.0_202'
Driver info: org.openqa.selenium.chrome.ChromeDriver
Capabilities {acceptInsecureCerts: false, browserName: chrome, browserVersion: 100.0.4896.75, chrome: {chromedriverVersion: 100.0.4896.60 (6a5d10861ce8..., userDataDir: C:\Users\Dell\AppData\Local...}, goog:chromeOptions: {debuggerAddress: localhost:61527}, javascriptEnabled: true, networkConnectionEnabled: false, pageLoadStrategy: normal, platform: WINDOWS, platformName: WINDOWS, proxy: Proxy(), setWindowRect: true, strictFileInteractability: false, timeouts: {implicit: 0, pageLoad: 300000, script: 30000}, unhandledPromptBehavior: dismiss and notify, webauthn:extension:credBlob: true, webauthn:extension:largeBlob: true, webauthn:virtualAuthenticators: true}
Session ID: abda87bf036e827d4f5b08a1d97cca73
*** Element info: {Using=xpath, value=//td[text()='ActivityLessthanXhoursInfoAlertCreated69138']/following-sibling::td/button[text()='Delete']}
[Log] Apr 14,2022 15:04:06 [info]  Apr 14,2022 15:04:06 [info]  <<<<<<<<<<<<<<<<<<<<<<<<<<<<<<<<<< Error message >>>>>>>>>>>>>>>>>>>>>>>>>>>>>>
Failed.............................
@utility.QAAnnotations$TestCaseInfo(description=, bug=, isAutomationBug=false, testCaseID=163, title=Verify application log is created with object type as 'Alert' and action as 'Created')
163
*** Test execution testApplicationLogIsCreatedForAlertCreated failed...
]]></system-out>
    <system-err><![CDATA[Starting ChromeDriver 100.0.4896.60 (6a5d10861ce8de5fce22564658033b43cb7de047-refs/branch-heads/4896@{#875}) on port 38012
Only local connections are allowed.
Please see https://chromedriver.chromium.org/security-considerations for suggestions on keeping ChromeDriver safe.
ChromeDriver was started successfully.
Apr 14, 2022 3:02:34 PM org.openqa.selenium.remote.ProtocolHandshake createSession
INFO: Detected dialect: W3C
]]></system-err>
  </testcase>
</testsuite>