<?xml version="1.0" encoding="UTF-8"?>
<testng-results ignored="0" total="0" passed="0" failed="0" skipped="0">
  <reporter-output>
  </reporter-output>
  <suite started-at="2022-04-14T13:24:18 IST" name="Test Suite" finished-at="2022-04-14T13:24:18 IST" duration-ms="11">
    <groups>
    </groups>
    <test started-at="2022-04-14T13:24:18 IST" name="Arexdata Automation Tests" finished-at="2022-04-14T13:24:18 IST" duration-ms="11">
    </test> <!-- Arexdata Automation Tests -->
  </suite> <!-- Test Suite -->
</testng-results>
