<?xml version="1.0" encoding="UTF-8"?>
<!-- Generated by org.testng.reporters.JUnitXMLReporter -->
<testsuite ignored="1" hostname="WIN-IAU3NU9P049" failures="0" tests="17" name="Enpoint Test" time="1207.762" errors="0" timestamp="2022-01-26T21:26:36 IST">
  <testcase classname="tests.Admin_Manage_EndpointTest" name="testAllButtonFilterExportRefreshArePresentonTopLeftCornerOfEndpointPage" time="16.013"/>
  <testcase classname="tests.Admin_Manage_EndpointTest" name="testUserAbleToFilterByAliasNameWithContainsCondition" time="41.85"/>
  <testcase classname="tests.Admin_Manage_EndpointTest" name="testUserAbleToFilterByAliasNameWithEqualCondition" time="42.319"/>
  <testcase classname="tests.Admin_Manage_EndpointTest" name="testUserAbleToFilterByAliasNameWithStartWithCondition" time="41.798"/>
  <testcase classname="tests.Admin_Manage_EndpointTest" name="testUserAbleToFilterByLOcalIPWithContainsCondition" time="42.026"/>
  <testcase classname="tests.Admin_Manage_EndpointTest" name="testUserAbleToFilterByLOcalIPWithEqualsCondition" time="42.019"/>
  <testcase classname="tests.Admin_Manage_EndpointTest" name="testUserAbleToFilterByLOcalIPWithStartWithCondition" time="41.71"/>
  <testcase classname="tests.Admin_Manage_EndpointTest" name="testUserAbleToFilterByMachineNameWithContainCondition" time="42.16"/>
  <testcase classname="tests.Admin_Manage_EndpointTest" name="testUserAbleToFilterByMachineNameWithEqualsCondition" time="41.637"/>
  <testcase classname="tests.Admin_Manage_EndpointTest" name="testUserAbleToFilterByPublicIPWithContainsCondition" time="42.249"/>
  <testcase classname="tests.Admin_Manage_EndpointTest" name="testUserAbleToFilterByPublicIPWithEqualsCondition" time="41.782"/>
  <testcase classname="tests.Admin_Manage_EndpointTest" name="testUserAbleToFilterByPublicIPWithStartWithCondition" time="41.953"/>
  <testcase classname="tests.Admin_Manage_EndpointTest" name="testUserAbleToNaviagateEnpointPage" time="15.455"/>
  <testcase classname="tests.Admin_Manage_EndpointTest" name="testUserAbleToRefreshPageByClickingOnRefreshButton" time="19.427"/>
  <testcase classname="tests.Admin_Manage_EndpointTest" name="testUserAbleToSortMachineListByClickingOnColumnHeaderName" time="19.695"/>
  <testcase classname="tests.Admin_Manage_EndpointTest" name="testWhenUserClickingOnCancelButtonFilterPouupClosedWithoutFilter" time="33.182"/>
  <testcase classname="tests.Admin_Manage_EndpointTest" name="testWhenUserClickingOnClearButtonFilterValueResetToDefaultValue" time="37.406"/>
  <testcase classname="tests.Admin_Manage_EndpointTest" name="testAllColumnHeaderNameShouldBeInDisplayInSameorderOfEndpointPage" time="0.0">
    <ignored/>
  </testcase> <!-- testAllColumnHeaderNameShouldBeInDisplayInSameorderOfEndpointPage -->
</testsuite> <!-- Enpoint Test -->
